<?xml version="1.0" encoding="UTF-8" standalone="no"?>
<testsuite errors="0" failures="0" name="io.cucumber.core.plugin.JUnitFormatter" skipped="0" tests="2" time="45.935">
    <testcase classname="Test login page" name="Check login page" time="34.778">
        <system-out><![CDATA[Given user is on login page.................................................passed
When user enter nameOne and 12345...........................................passed
And click on login button...................................................passed
Then check user home page...................................................passed
]]></system-out>
    </testcase>
    <testcase classname="Test login page" name="Check login page 2" time="10.864">
        <system-out><![CDATA[Given user is on login page.................................................passed
When user enter nameTwo and 12345...........................................passed
And click on login button...................................................passed
Then check user home page...................................................passed
]]></system-out>
    </testcase>
</testsuite>
